[debug] [2024-10-02T01:40:34.873Z] ----------------------------------------------------------------------
[debug] [2024-10-02T01:40:34.876Z] Command:       C:\Program Files\nodejs\node.exe C:\Users\herna\AppData\Roaming\npm\node_modules\firebase-tools\lib\bin\firebase.js deploy
[debug] [2024-10-02T01:40:34.876Z] CLI Version:   13.15.1
[debug] [2024-10-02T01:40:34.876Z] Platform:      win32
[debug] [2024-10-02T01:40:34.876Z] Node Version:  v20.9.0
[debug] [2024-10-02T01:40:34.877Z] Time:          Tue Oct 01 2024 22:40:34 GMT-0300 (hora estándar de Argentina)
[debug] [2024-10-02T01:40:34.877Z] ----------------------------------------------------------------------
[debug] 
[debug] [2024-10-02T01:40:34.880Z] >>> [apiv2][query] GET https://firebase-public.firebaseio.com/cli.json [none]
[debug] [2024-10-02T01:40:34.991Z] > command requires scopes: ["email","openid","https://www.googleapis.com/auth/cloudplatformprojects.readonly","https://www.googleapis.com/auth/firebase","https://www.googleapis.com/auth/cloud-platform"]
[debug] [2024-10-02T01:40:34.991Z] > authorizing via signed-in user (hernancanestraro@gmail.com)
[debug] [2024-10-02T01:40:34.992Z] [iam] checking project front-ad0dc for permissions ["datastore.indexes.create","datastore.indexes.delete","datastore.indexes.list","datastore.indexes.update","firebase.projects.get","firebasehosting.sites.update","firebaserules.releases.create","firebaserules.releases.update","firebaserules.rulesets.create"]
[debug] [2024-10-02T01:40:34.993Z] > refreshing access token with scopes: []
[debug] [2024-10-02T01:40:34.994Z] >>> [apiv2][query] POST https://www.googleapis.com/oauth2/v3/token [none]
[debug] [2024-10-02T01:40:34.994Z] >>> [apiv2][body] POST https://www.googleapis.com/oauth2/v3/token [omitted]
[debug] [2024-10-02T01:40:35.300Z] <<< [apiv2][status] POST https://www.googleapis.com/oauth2/v3/token 200
[debug] [2024-10-02T01:40:35.300Z] <<< [apiv2][body] POST https://www.googleapis.com/oauth2/v3/token [omitted]
[debug] [2024-10-02T01:40:35.308Z] >>> [apiv2][query] POST https://cloudresourcemanager.googleapis.com/v1/projects/front-ad0dc:testIamPermissions [none]
[debug] [2024-10-02T01:40:35.308Z] >>> [apiv2][(partial)header] POST https://cloudresourcemanager.googleapis.com/v1/projects/front-ad0dc:testIamPermissions x-goog-quota-user=projects/front-ad0dc
[debug] [2024-10-02T01:40:35.308Z] >>> [apiv2][body] POST https://cloudresourcemanager.googleapis.com/v1/projects/front-ad0dc:testIamPermissions {"permissions":["datastore.indexes.create","datastore.indexes.delete","datastore.indexes.list","datastore.indexes.update","firebase.projects.get","firebasehosting.sites.update","firebaserules.releases.create","firebaserules.releases.update","firebaserules.rulesets.create"]}
[debug] [2024-10-02T01:40:35.346Z] <<< [apiv2][status] GET https://firebase-public.firebaseio.com/cli.json 200
[debug] [2024-10-02T01:40:35.347Z] <<< [apiv2][body] GET https://firebase-public.firebaseio.com/cli.json {"cloudBuildErrorAfter":1594252800000,"cloudBuildWarnAfter":1590019200000,"defaultNode10After":1594252800000,"minVersion":"3.0.5","node8DeploysDisabledAfter":1613390400000,"node8RuntimeDisabledAfter":1615809600000,"node8WarnAfter":1600128000000}
[debug] [2024-10-02T01:40:36.356Z] <<< [apiv2][status] POST https://cloudresourcemanager.googleapis.com/v1/projects/front-ad0dc:testIamPermissions 200
[debug] [2024-10-02T01:40:36.356Z] <<< [apiv2][body] POST https://cloudresourcemanager.googleapis.com/v1/projects/front-ad0dc:testIamPermissions {"permissions":["datastore.indexes.create","datastore.indexes.delete","datastore.indexes.list","datastore.indexes.update","firebase.projects.get","firebasehosting.sites.update","firebaserules.releases.create","firebaserules.releases.update","firebaserules.rulesets.create"]}
[debug] [2024-10-02T01:40:36.357Z] >>> [apiv2][query] GET https://firebase.googleapis.com/v1beta1/projects/front-ad0dc [none]
[debug] [2024-10-02T01:40:36.783Z] <<< [apiv2][status] GET https://firebase.googleapis.com/v1beta1/projects/front-ad0dc 200
[debug] [2024-10-02T01:40:36.783Z] <<< [apiv2][body] GET https://firebase.googleapis.com/v1beta1/projects/front-ad0dc {"projectId":"front-ad0dc","projectNumber":"782994755810","displayName":"Front","name":"projects/front-ad0dc","resources":{"hostingSite":"front-ad0dc","storageBucket":"front-ad0dc.appspot.com","locationId":"us-central"},"state":"ACTIVE","etag":"1_dfd9fa6f-ce87-4c6f-a380-9faebf5400bb"}
[debug] [2024-10-02T01:40:48.151Z] SyntaxError: Unexpected end of JSON input
    at JSON.parse (<anonymous>)
    at findDependency (C:\Users\herna\AppData\Roaming\npm\node_modules\firebase-tools\lib\frameworks\utils.js:188:23)
    at prepareFrameworks (C:\Users\herna\AppData\Roaming\npm\node_modules\firebase-tools\lib\frameworks\index.js:124:67)
    at deploy (C:\Users\herna\AppData\Roaming\npm\node_modules\firebase-tools\lib\deploy\index.js:57:54)
    at Command.actionFn (C:\Users\herna\AppData\Roaming\npm\node_modules\firebase-tools\lib\commands\deploy.js:134:32)
    at C:\Users\herna\AppData\Roaming\npm\node_modules\firebase-tools\lib\command.js:228:25
    at process.processTicksAndRejections (node:internal/process/task_queues:95:5)
[error] 
[error] Error: An unexpected error has occurred.
